<?xml version="1.0" encoding="UTF-8"?>
<coverage generated="1643122204204" clover="3.2.0">
  <project timestamp="1643122204204" name="All files">
    <metrics statements="44" coveredstatements="44" conditionals="10" coveredconditionals="10" methods="15" coveredmethods="15" elements="69" coveredelements="69" complexity="0" loc="44" ncloc="44" packages="1" files="3" classes="3"/>
    <file name="FigureCalculator.js" path="D:\DICODING\KELAS 12 (BONUS)\MathBasic\src\FigureCalculator.js">
      <metrics statements="16" coveredstatements="16" conditionals="4" coveredconditionals="4" methods="7" coveredmethods="7"/>
      <line num="3" count="13" type="stmt"/>
      <line num="7" count="29" type="cond" truecount="2" falsecount="0"/>
      <line num="8" count="13" type="stmt"/>
      <line num="11" count="16" type="stmt"/>
      <line num="12" count="21" type="cond" truecount="2" falsecount="0"/>
      <line num="13" count="12" type="stmt"/>
      <line num="17" count="4" type="stmt"/>
      <line num="21" count="7" type="stmt"/>
      <line num="24" count="1" type="stmt"/>
      <line num="28" count="7" type="stmt"/>
      <line num="31" count="1" type="stmt"/>
      <line num="35" count="8" type="stmt"/>
      <line num="38" count="1" type="stmt"/>
      <line num="42" count="7" type="stmt"/>
      <line num="45" count="1" type="stmt"/>
      <line num="49" count="1" type="stmt"/>
    </file>
    <file name="MathBasic.js" path="D:\DICODING\KELAS 12 (BONUS)\MathBasic\src\MathBasic.js">
      <metrics statements="16" coveredstatements="16" conditionals="6" coveredconditionals="6" methods="5" coveredmethods="5"/>
      <line num="1" count="3" type="stmt"/>
      <line num="3" count="46" type="cond" truecount="2" falsecount="0"/>
      <line num="4" count="13" type="stmt"/>
      <line num="7" count="33" type="stmt"/>
      <line num="9" count="33" type="cond" truecount="4" falsecount="0"/>
      <line num="10" count="12" type="stmt"/>
      <line num="12" count="21" type="stmt"/>
      <line num="15" count="14" type="stmt"/>
      <line num="16" count="7" type="stmt"/>
      <line num="19" count="10" type="stmt"/>
      <line num="20" count="4" type="stmt"/>
      <line num="23" count="12" type="stmt"/>
      <line num="24" count="6" type="stmt"/>
      <line num="27" count="10" type="stmt"/>
      <line num="28" count="4" type="stmt"/>
      <line num="32" count="3" type="stmt"/>
    </file>
    <file name="createServer.js" path="D:\DICODING\KELAS 12 (BONUS)\MathBasic\src\createServer.js">
      <metrics statements="12" coveredstatements="12" conditionals="0" coveredconditionals="0" methods="3" coveredmethods="3"/>
      <line num="1" count="1" type="stmt"/>
      <line num="3" count="1" type="stmt"/>
      <line num="4" count="2" type="stmt"/>
      <line num="9" count="2" type="stmt"/>
      <line num="14" count="1" type="stmt"/>
      <line num="15" count="1" type="stmt"/>
      <line num="16" count="1" type="stmt"/>
      <line num="23" count="1" type="stmt"/>
      <line num="24" count="1" type="stmt"/>
      <line num="25" count="1" type="stmt"/>
      <line num="30" count="2" type="stmt"/>
      <line num="33" count="1" type="stmt"/>
    </file>
  </project>
</coverage>
