<?xml version="1.0" encoding="UTF-8"?>
<coverage generated="1643039785050" clover="3.2.0">
  <project timestamp="1643039785050" name="All files">
    <metrics statements="30" coveredstatements="30" conditionals="18" coveredconditionals="18" methods="10" coveredmethods="8" elements="58" coveredelements="56" complexity="0" loc="30" ncloc="30" packages="1" files="2" classes="2"/>
    <file name="FigureCalculator.js" path="D:\DICODING\KELAS 12 (BONUS)\MathBasic\src\FigureCalculator.js">
      <metrics statements="14" coveredstatements="14" conditionals="12" coveredconditionals="12" methods="5" coveredmethods="3"/>
      <line num="3" count="7" type="stmt"/>
      <line num="7" count="7" type="cond" truecount="2" falsecount="0"/>
      <line num="8" count="3" type="stmt"/>
      <line num="11" count="4" type="stmt"/>
      <line num="13" count="4" type="cond" truecount="4" falsecount="0"/>
      <line num="14" count="3" type="stmt"/>
      <line num="18" count="1" type="stmt"/>
      <line num="22" count="7" type="cond" truecount="2" falsecount="0"/>
      <line num="23" count="3" type="stmt"/>
      <line num="26" count="4" type="stmt"/>
      <line num="28" count="4" type="cond" truecount="4" falsecount="0"/>
      <line num="29" count="3" type="stmt"/>
      <line num="33" count="1" type="stmt"/>
      <line num="41" count="1" type="stmt"/>
    </file>
    <file name="MathBasic.js" path="D:\DICODING\KELAS 12 (BONUS)\MathBasic\src\MathBasic.js">
      <metrics statements="16" coveredstatements="16" conditionals="6" coveredconditionals="6" methods="5" coveredmethods="5"/>
      <line num="1" count="2" type="stmt"/>
      <line num="3" count="40" type="cond" truecount="2" falsecount="0"/>
      <line num="4" count="13" type="stmt"/>
      <line num="7" count="27" type="stmt"/>
      <line num="9" count="27" type="cond" truecount="4" falsecount="0"/>
      <line num="10" count="12" type="stmt"/>
      <line num="12" count="15" type="stmt"/>
      <line num="15" count="11" type="stmt"/>
      <line num="16" count="4" type="stmt"/>
      <line num="19" count="9" type="stmt"/>
      <line num="20" count="3" type="stmt"/>
      <line num="23" count="11" type="stmt"/>
      <line num="24" count="5" type="stmt"/>
      <line num="27" count="9" type="stmt"/>
      <line num="28" count="3" type="stmt"/>
      <line num="32" count="2" type="stmt"/>
    </file>
  </project>
</coverage>
