TN:
SF:src\FigureCalculator.js
FN:2,(anonymous_0)
FN:6,(anonymous_1)
FN:21,(anonymous_2)
FN:36,(anonymous_3)
FN:38,(anonymous_4)
FNF:5
FNH:3
FNDA:7,(anonymous_0)
FNDA:7,(anonymous_1)
FNDA:7,(anonymous_2)
FNDA:0,(anonymous_3)
FNDA:0,(anonymous_4)
DA:3,7
DA:7,7
DA:8,3
DA:11,4
DA:13,4
DA:14,3
DA:18,1
DA:22,7
DA:23,3
DA:26,4
DA:28,4
DA:29,3
DA:33,1
DA:41,1
LF:14
LH:14
BRDA:7,0,0,3
BRDA:7,0,1,4
BRDA:13,1,0,3
BRDA:13,1,1,1
BRDA:13,2,0,4
BRDA:13,2,1,1
BRDA:22,3,0,3
BRDA:22,3,1,4
BRDA:28,4,0,3
BRDA:28,4,1,1
BRDA:28,5,0,4
BRDA:28,5,1,1
BRF:12
BRH:12
end_of_record
TN:
SF:src\MathBasic.js
FN:2,(anonymous_0)
FN:14,(anonymous_1)
FN:18,(anonymous_2)
FN:22,(anonymous_3)
FN:26,(anonymous_4)
FNF:5
FNH:5
FNDA:40,(anonymous_0)
FNDA:11,(anonymous_1)
FNDA:9,(anonymous_2)
FNDA:11,(anonymous_3)
FNDA:9,(anonymous_4)
DA:1,2
DA:3,40
DA:4,13
DA:7,27
DA:9,27
DA:10,12
DA:12,15
DA:15,11
DA:16,4
DA:19,9
DA:20,3
DA:23,11
DA:24,5
DA:27,9
DA:28,3
DA:32,2
LF:16
LH:16
BRDA:3,0,0,13
BRDA:3,0,1,27
BRDA:9,1,0,12
BRDA:9,1,1,15
BRDA:9,2,0,27
BRDA:9,2,1,15
BRF:6
BRH:6
end_of_record
