TN:
SF:src\MathBasic.js
FN:2,(anonymous_0)
FN:15,(anonymous_1)
FN:28,(anonymous_2)
FN:41,(anonymous_3)
FNF:4
FNH:4
FNDA:10,(anonymous_0)
FNDA:10,(anonymous_1)
FNDA:10,(anonymous_2)
FNDA:10,(anonymous_3)
DA:1,1
DA:3,10
DA:4,4
DA:7,6
DA:9,6
DA:10,3
DA:13,3
DA:16,10
DA:17,4
DA:20,6
DA:22,6
DA:23,3
DA:26,3
DA:29,10
DA:30,4
DA:33,6
DA:35,6
DA:36,3
DA:39,3
DA:42,10
DA:43,4
DA:46,6
DA:48,6
DA:49,3
DA:52,3
DA:56,1
LF:26
LH:26
BRDA:3,0,0,4
BRDA:3,0,1,6
BRDA:9,1,0,3
BRDA:9,1,1,3
BRDA:9,2,0,6
BRDA:9,2,1,3
BRDA:16,3,0,4
BRDA:16,3,1,6
BRDA:22,4,0,3
BRDA:22,4,1,3
BRDA:22,5,0,6
BRDA:22,5,1,3
BRDA:29,6,0,4
BRDA:29,6,1,6
BRDA:35,7,0,3
BRDA:35,7,1,3
BRDA:35,8,0,6
BRDA:35,8,1,3
BRDA:42,9,0,4
BRDA:42,9,1,6
BRDA:48,10,0,3
BRDA:48,10,1,3
BRDA:48,11,0,6
BRDA:48,11,1,3
BRF:24
BRH:24
end_of_record
